Testsuite: Application_Form_CommentFormTest::testFormAcceptsValidData
Tests run: 3, Failures: 0, Errors: 0, Incomplete: 0, Skipped: 0, Time elapsed: 0.05512 s
Testsuite: Application_Form_CommentFormTest::testFormRejectsBadData
Tests run: 4, Failures: 0, Errors: 0, Incomplete: 0, Skipped: 0, Time elapsed: 0.03290 s
Testsuite: Application_Model_CommentTest::testModelAcceptsValidData
Tests run: 3, Failures: 0, Errors: 0, Incomplete: 0, Skipped: 0, Time elapsed: 0.09937 s
Testsuite: Application_Model_CommentTest::testModelRejectsBadData
Tests run: 4, Failures: 0, Errors: 0, Incomplete: 0, Skipped: 0, Time elapsed: 0.07687 s
Testsuite: Zftest_Service_JoindinTest
Tests run: 2, Failures: 0, Errors: 0, Incomplete: 0, Skipped: 0, Time elapsed: 0.01790 s
Testsuite: Zftest_Validate_MwopTest::testCorrectNamesPassMwopTest
Tests run: 4, Failures: 0, Errors: 0, Incomplete: 0, Skipped: 0, Time elapsed: 0.00483 s
Testsuite: Zftest_Validate_MwopTest::testBadNamesDoNotPassMwopTest
Tests run: 2, Failures: 0, Errors: 0, Incomplete: 0, Skipped: 0, Time elapsed: 0.00298 s
